<?xml version="1.0" encoding="UTF-8"?>
<!-- Generated by org.testng.reporters.JUnitReportReporter -->
<testsuite ignored="0" hostname="DESKTOP-310KIF9" failures="0" tests="4" name="assignment.nagarro.testCases.TC005_Mobile_Basics" time="102.433" errors="0" timestamp="30 Apr 2021 07:00:55 GMT" skipped="0">
  <testcase classname="assignment.nagarro.testCases.TC005_Mobile_Basics" name="verifyTypeAndUnhandledExceptionTest" time="21.096"/>
  <testcase classname="assignment.nagarro.testCases.TC005_Mobile_Basics" name="verifyUnhandledExceptionTest" time="39.368"/>
  <testcase classname="assignment.nagarro.testCases.TC005_Mobile_Basics" name="verifyDisplaysPopupTest" time="23.584"/>
  <testcase classname="assignment.nagarro.testCases.TC005_Mobile_Basics" name="verifyDisplaysAToastTest" time="18.385"/>
</testsuite> <!-- assignment.nagarro.testCases.TC005_Mobile_Basics -->
