<?xml version="1.0" encoding="UTF-8"?>
<!-- Generated by org.testng.reporters.JUnitReportReporter -->
<testsuite ignored="0" hostname="DESKTOP-310KIF9" failures="0" tests="1" name="assignment.nagarro.testCases.TC003_Mobile_FileLogo" time="28.554" errors="0" timestamp="30 Apr 2021 08:46:41 GMT" skipped="0">
  <testcase classname="assignment.nagarro.testCases.TC003_Mobile_FileLogo" name="fileLogo" time="28.554"/>
</testsuite> <!-- assignment.nagarro.testCases.TC003_Mobile_FileLogo -->
