<?xml version="1.0" encoding="UTF-8"?>
<!-- Generated by org.testng.reporters.JUnitReportReporter -->
<testsuite ignored="0" hostname="DESKTOP-310KIF9" failures="0" tests="1" name="assignment.nagarro.testCases.TC008_Web_Controlgroup" time="10.340" errors="0" timestamp="30 Apr 2021 07:34:35 GMT" skipped="0">
  <testcase classname="assignment.nagarro.testCases.TC008_Web_Controlgroup" name="RentCarIncontrolgroup" time="10.340"/>
</testsuite> <!-- assignment.nagarro.testCases.TC008_Web_Controlgroup -->
