<?xml version="1.0" encoding="UTF-8"?>
<!-- Generated by org.testng.reporters.JUnitReportReporter -->
<testsuite ignored="0" hostname="DESKTOP-310KIF9" failures="0" tests="4" name="assignment.nagarro.testCases.TC005_Mobile_Basics" time="96.426" errors="0" timestamp="30 Apr 2021 08:46:41 GMT" skipped="0">
  <testcase classname="assignment.nagarro.testCases.TC005_Mobile_Basics" name="verifyDisplaysPopupTest" time="21.779"/>
  <testcase classname="assignment.nagarro.testCases.TC005_Mobile_Basics" name="verifyUnhandledExceptionTest" time="30.092"/>
  <testcase classname="assignment.nagarro.testCases.TC005_Mobile_Basics" name="verifyDisplaysAToastTest" time="21.240"/>
  <testcase classname="assignment.nagarro.testCases.TC005_Mobile_Basics" name="verifyTypeAndUnhandledExceptionTest" time="23.315"/>
</testsuite> <!-- assignment.nagarro.testCases.TC005_Mobile_Basics -->
