<?xml version="1.0" encoding="UTF-8"?>
<!-- Generated by org.testng.reporters.JUnitReportReporter -->
<testsuite ignored="0" hostname="DESKTOP-310KIF9" failures="0" tests="4" name="assignment.nagarro.testCases.TC005_Mobile_Basics" time="76.381" errors="0" timestamp="30 Apr 2021 07:34:35 GMT" skipped="0">
  <testcase classname="assignment.nagarro.testCases.TC005_Mobile_Basics" name="verifyTypeAndUnhandledExceptionTest" time="21.475"/>
  <testcase classname="assignment.nagarro.testCases.TC005_Mobile_Basics" name="verifyDisplaysPopupTest" time="18.775"/>
  <testcase classname="assignment.nagarro.testCases.TC005_Mobile_Basics" name="verifyUnhandledExceptionTest" time="16.968"/>
  <testcase classname="assignment.nagarro.testCases.TC005_Mobile_Basics" name="verifyDisplaysAToastTest" time="19.163"/>
</testsuite> <!-- assignment.nagarro.testCases.TC005_Mobile_Basics -->
