<?xml version="1.0" encoding="UTF-8"?>
<!-- Generated by org.testng.reporters.JUnitReportReporter -->
<testsuite ignored="0" hostname="DESKTOP-310KIF9" failures="0" tests="1" name="assignment.nagarro.testCases.TC007_Web_Selectable" time="16.829" errors="0" timestamp="30 Apr 2021 07:00:55 GMT" skipped="0">
  <testcase classname="assignment.nagarro.testCases.TC007_Web_Selectable" name="selectable" time="16.829"/>
</testsuite> <!-- assignment.nagarro.testCases.TC007_Web_Selectable -->
