<?xml version="1.0" encoding="UTF-8"?>
<!-- Generated by org.testng.reporters.JUnitReportReporter -->
<testsuite ignored="0" hostname="DESKTOP-310KIF9" failures="0" tests="1" name="assignment.nagarro.testCases.TC001_Mobile_Homepage" time="18.909" errors="0" timestamp="30 Apr 2021 07:34:35 GMT" skipped="0">
  <testcase classname="assignment.nagarro.testCases.TC001_Mobile_Homepage" name="enButtonVerify" time="18.909"/>
</testsuite> <!-- assignment.nagarro.testCases.TC001_Mobile_Homepage -->
