<?xml version="1.0" encoding="UTF-8"?>
<!-- Generated by org.testng.reporters.JUnitReportReporter -->
<testsuite ignored="0" hostname="DESKTOP-310KIF9" failures="0" tests="1" name="assignment.nagarro.testCases.TC006_Web_Droppable" time="12.211" errors="0" timestamp="30 Apr 2021 08:46:41 GMT" skipped="0">
  <testcase classname="assignment.nagarro.testCases.TC006_Web_Droppable" name="dragAndDrop" time="12.211"/>
</testsuite> <!-- assignment.nagarro.testCases.TC006_Web_Droppable -->
